{"level":"error","message":{"error":"Cannot destructure property 'first_name' of 'req.body' as it is undefined.","incoming_request":"/register","method":"POST"},"timestamp":"2024-09-30 01:55:53 PM"}
{"level":"error","message":{"error":"Cannot destructure property 'first_name' of 'req.body' as it is undefined.","incoming_request":"/register","method":"POST"},"timestamp":"2024-09-30 01:56:26 PM"}
{"level":"error","message":{"error":"Unable to fetch user currently, please try later","incoming_request":"/register","method":"POST"},"timestamp":"2024-09-30 01:57:55 PM"}
{"level":"error","message":{"error":"Unable to fetch user currently, please try later","incoming_request":"/register","method":"POST"},"timestamp":"2024-09-30 01:59:16 PM"}
{"level":"error","message":{"error":"Unable to fetch user currently, please try later","incoming_request":"/register","method":"POST"},"timestamp":"2024-09-30 02:15:14 PM"}
{"level":"error","message":{"error":"Unable to fetch user currently, please try later","incoming_request":"/register","method":"POST"},"timestamp":"2024-09-30 02:24:06 PM"}
{"level":"error","message":{"error":"Unable to fetch user currently, please try later","incoming_request":"/register","method":"POST"},"timestamp":"2024-09-30 02:25:07 PM"}
{"level":"info","message":{"data":{"user":[]},"operation":"database query"},"timestamp":"2024-09-30 02:29:09 PM"}
{"level":"error","message":{"error":"notNull Violation: User.password cannot be null","incoming_request":"/register","method":"POST"},"timestamp":"2024-09-30 02:29:09 PM"}
{"level":"info","message":{"data":{"user":[]},"operation":"database query"},"timestamp":"2024-09-30 02:31:24 PM"}
{"level":"error","message":{"error":"permission denied for table users","incoming_request":"/register","method":"POST"},"timestamp":"2024-09-30 02:31:24 PM"}
{"level":"info","message":{"data":{"user":[]},"operation":"database query"},"timestamp":"2024-09-30 02:32:02 PM"}
{"level":"error","message":{"error":"permission denied for table users","incoming_request":"/register","method":"POST"},"timestamp":"2024-09-30 02:32:02 PM"}
{"level":"info","message":{"data":{"user":[]},"operation":"database query"},"timestamp":"2024-09-30 02:33:21 PM"}
{"level":"info","message":{"data":{"user":{"country_code":null,"created_at":"2024-09-30T09:03:21.828Z","created_by":null,"deleted_at":null,"dob":null,"email":"juhi03@gmail.com","first_name":"juhi","last_name":"bhojani","password":"password","phone_number":"987654212","updated_at":"2024-09-30T09:03:21.828Z","updated_by":null,"uuid":"729a4f5f-6cab-4436-b801-7f634e460350"}},"operation":"database insertion"},"timestamp":"2024-09-30 02:33:21 PM"}
{"level":"error","message":{"error":"Unable to fetch role ID","incoming_request":"/register","method":"POST"},"timestamp":"2024-09-30 02:33:21 PM"}
{"level":"info","message":{"data":{"user":[{"country_code":null,"created_at":"2024-09-30T09:03:21.828Z","created_by":null,"deleted_at":null,"dob":null,"email":"juhi03@gmail.com","first_name":"juhi","last_name":"bhojani","password":"password","phone_number":"987654212","updated_at":"2024-09-30T09:03:21.828Z","updated_by":null,"uuid":"729a4f5f-6cab-4436-b801-7f634e460350"}]},"operation":"database query"},"timestamp":"2024-09-30 02:34:01 PM"}
{"level":"info","message":{"data":{"user":[{"country_code":null,"created_at":"2024-09-30T09:03:21.828Z","created_by":null,"deleted_at":null,"dob":null,"email":"juhi03@gmail.com","first_name":"juhi","last_name":"bhojani","password":"password","phone_number":"987654212","updated_at":"2024-09-30T09:03:21.828Z","updated_by":null,"uuid":"729a4f5f-6cab-4436-b801-7f634e460350"}]},"operation":"database query"},"timestamp":"2024-09-30 02:35:36 PM"}
{"level":"info","message":{"data":{"user":[]},"operation":"database query"},"timestamp":"2024-09-30 02:36:22 PM"}
{"level":"info","message":{"data":{"user":{"country_code":null,"created_at":"2024-09-30T09:06:22.729Z","created_by":null,"deleted_at":null,"dob":null,"email":"juhi03@gmail.com","first_name":"juhi","last_name":"bhojani","password":"password","phone_number":"987654212","updated_at":"2024-09-30T09:06:22.729Z","updated_by":null,"uuid":"3d33bdc5-b499-498a-b16d-214cb657e921"}},"operation":"database insertion"},"timestamp":"2024-09-30 02:36:22 PM"}
{"level":"info","message":{"data":{"role":{"created_at":"2024-09-30T06:16:11.529Z","created_by":null,"deleted_at":null,"description":"application's customer","name":"Customer","updated_at":"2024-09-30T06:16:11.529Z","updated_by":null,"uuid":"124e0794-e13a-4496-b808-2dc7613a4687"}},"operation":"database query"},"timestamp":"2024-09-30 02:36:22 PM"}
{"level":"error","message":{"error":"Unable to fetch role ID","incoming_request":"/register","method":"POST"},"timestamp":"2024-09-30 02:36:22 PM"}
{"level":"info","message":{"data":{"user":[{"country_code":null,"created_at":"2024-09-30T09:06:22.729Z","created_by":null,"deleted_at":null,"dob":null,"email":"juhi03@gmail.com","first_name":"juhi","last_name":"bhojani","password":"password","phone_number":"987654212","updated_at":"2024-09-30T09:06:22.729Z","updated_by":null,"uuid":"3d33bdc5-b499-498a-b16d-214cb657e921"}]},"operation":"database query"},"timestamp":"2024-09-30 02:36:45 PM"}
{"level":"info","message":{"data":{"user":[]},"operation":"database query"},"timestamp":"2024-09-30 02:37:00 PM"}
{"level":"info","message":{"data":{"user":{"country_code":null,"created_at":"2024-09-30T09:07:00.739Z","created_by":null,"deleted_at":null,"dob":null,"email":"juhi03@gmail.com","first_name":"juhi","last_name":"bhojani","password":"password","phone_number":"987654212","updated_at":"2024-09-30T09:07:00.739Z","updated_by":null,"uuid":"30b96761-0708-4862-8424-932f7f3a47e4"}},"operation":"database insertion"},"timestamp":"2024-09-30 02:37:00 PM"}
{"level":"info","message":{"data":{"role":{"created_at":"2024-09-30T06:16:11.529Z","created_by":null,"deleted_at":null,"description":"application's customer","name":"Customer","updated_at":"2024-09-30T06:16:11.529Z","updated_by":null,"uuid":"124e0794-e13a-4496-b808-2dc7613a4687"}},"operation":"database query"},"timestamp":"2024-09-30 02:37:00 PM"}
{"level":"error","message":{"error":"Unable to fetch role ID","incoming_request":"/register","method":"POST"},"timestamp":"2024-09-30 02:37:00 PM"}
{"level":"info","message":{"data":{"user":[]},"operation":"database query"},"timestamp":"2024-09-30 02:38:49 PM"}
{"level":"info","message":{"data":{"user":{"country_code":null,"created_at":"2024-09-30T09:08:50.001Z","created_by":null,"deleted_at":null,"dob":null,"email":"juhi03@gmail.com","first_name":"juhi","last_name":"bhojani","password":"password","phone_number":"987654212","updated_at":"2024-09-30T09:08:50.001Z","updated_by":null,"uuid":"a1dfa5ad-6b4a-4dee-983e-42552c2b60e1"}},"operation":"database insertion"},"timestamp":"2024-09-30 02:38:50 PM"}
{"level":"info","message":{"data":{"role":{"created_at":"2024-09-30T06:16:11.529Z","created_by":null,"deleted_at":null,"description":"application's customer","name":"Customer","updated_at":"2024-09-30T06:16:11.529Z","updated_by":null,"uuid":"124e0794-e13a-4496-b808-2dc7613a4687"}},"operation":"database query"},"timestamp":"2024-09-30 02:38:50 PM"}
{"level":"error","message":{"error":"Unable to fetch role ID","incoming_request":"/register","method":"POST"},"timestamp":"2024-09-30 02:38:50 PM"}
{"level":"info","message":{"data":{"user":[]},"operation":"database query"},"timestamp":"2024-09-30 02:52:56 PM"}
{"level":"info","message":{"data":{"user":{"country_code":null,"created_at":"2024-09-30T09:22:56.820Z","created_by":null,"deleted_at":null,"dob":null,"email":"juhi03@gmail.com","first_name":"juhi","last_name":"bhojani","password":"password","phone_number":"987654212","updated_at":"2024-09-30T09:22:56.820Z","updated_by":null,"uuid":"697ce90b-ef58-41df-834f-e83334128983"}},"operation":"database insertion"},"timestamp":"2024-09-30 02:52:56 PM"}
{"level":"info","message":{"data":{"role":{"created_at":"2024-09-30T06:16:11.529Z","created_by":null,"deleted_at":null,"description":"application's customer","name":"Customer","updated_at":"2024-09-30T06:16:11.529Z","updated_by":null,"uuid":"124e0794-e13a-4496-b808-2dc7613a4687"}},"operation":"database query"},"timestamp":"2024-09-30 02:52:56 PM"}
{"level":"error","message":{"error":"Unable to fetch role ID","incoming_request":"/register","method":"POST"},"timestamp":"2024-09-30 02:52:56 PM"}
{"level":"info","message":{"data":{"user":[]},"operation":"database query"},"timestamp":"2024-09-30 02:58:48 PM"}
{"level":"info","message":{"data":{"user":{"country_code":null,"created_at":"2024-09-30T09:28:48.382Z","created_by":null,"deleted_at":null,"dob":null,"email":"juhi03@gmail.com","first_name":"juhi","last_name":"bhojani","password":"password","phone_number":"987654212","updated_at":"2024-09-30T09:28:48.382Z","updated_by":null,"uuid":"57bc29c2-0e9c-407b-8fa6-98a1925a9cf9"}},"operation":"database insertion"},"timestamp":"2024-09-30 02:58:48 PM"}
{"level":"info","message":{"data":{"role":{"created_at":"2024-09-30T06:16:11.529Z","created_by":null,"deleted_at":null,"description":"application's customer","name":"Customer","updated_at":"2024-09-30T06:16:11.529Z","updated_by":null,"uuid":"124e0794-e13a-4496-b808-2dc7613a4687"}},"operation":"database query"},"timestamp":"2024-09-30 02:58:48 PM"}
{"level":"error","message":{"error":"Unable to fetch role ID","incoming_request":"/register","method":"POST"},"timestamp":"2024-09-30 02:58:48 PM"}
{"level":"info","message":{"data":{"user":[]},"operation":"database query"},"timestamp":"2024-09-30 02:59:29 PM"}
{"level":"info","message":{"data":{"user":{"country_code":null,"created_at":"2024-09-30T09:29:29.702Z","created_by":null,"deleted_at":null,"dob":null,"email":"juhi03@gmail.com","first_name":"juhi","last_name":"bhojani","password":"password","phone_number":"987654212","updated_at":"2024-09-30T09:29:29.702Z","updated_by":null,"uuid":"59ae0243-8264-4621-b7c0-fe31b118b93f"}},"operation":"database insertion"},"timestamp":"2024-09-30 02:59:29 PM"}
{"level":"info","message":{"data":{"role":{"created_at":"2024-09-30T06:16:11.529Z","created_by":null,"deleted_at":null,"description":"application's customer","name":"Customer","updated_at":"2024-09-30T06:16:11.529Z","updated_by":null,"uuid":"124e0794-e13a-4496-b808-2dc7613a4687"}},"operation":"database query"},"timestamp":"2024-09-30 02:59:29 PM"}
{"level":"error","message":{"error":"Unable to fetch role ID","incoming_request":"/register","method":"POST"},"timestamp":"2024-09-30 02:59:29 PM"}
{"level":"info","message":{"data":{"user":[]},"operation":"database query"},"timestamp":"2024-09-30 03:08:08 PM"}
{"level":"info","message":{"data":{"user":{"country_code":null,"created_at":"2024-09-30T09:38:08.123Z","created_by":null,"deleted_at":null,"dob":null,"email":"juhi03@gmail.com","first_name":"juhi","last_name":"bhojani","password":"password","phone_number":"987654212","updated_at":"2024-09-30T09:38:08.123Z","updated_by":null,"uuid":"5dcdaba9-c5b7-4384-bba1-8ceadf869d17"}},"operation":"database insertion"},"timestamp":"2024-09-30 03:08:08 PM"}
{"level":"info","message":{"data":{"role":{"created_at":"2024-09-30T06:16:11.529Z","created_by":null,"deleted_at":null,"description":"application's customer","name":"Customer","updated_at":"2024-09-30T06:16:11.529Z","updated_by":null,"uuid":"124e0794-e13a-4496-b808-2dc7613a4687"}},"operation":"database query"},"timestamp":"2024-09-30 03:08:08 PM"}
{"level":"error","message":{"error":"Unable to fetch role ID","incoming_request":"/register","method":"POST"},"timestamp":"2024-09-30 03:08:08 PM"}
{"level":"info","message":{"data":{"user":[]},"operation":"database query"},"timestamp":"2024-09-30 03:12:58 PM"}
{"level":"info","message":{"data":{"user":{"country_code":null,"created_at":"2024-09-30T09:42:58.425Z","created_by":null,"deleted_at":null,"dob":null,"email":"juhi03@gmail.com","first_name":"juhi","last_name":"bhojani","password":"password","phone_number":"987654212","updated_at":"2024-09-30T09:42:58.425Z","updated_by":null,"uuid":"d599c4cd-021f-42bb-94b3-35b9e3b95b8b"}},"operation":"database insertion"},"timestamp":"2024-09-30 03:12:58 PM"}
{"level":"error","message":{"error":"Cannot access 'role' before initialization","incoming_request":"/register","method":"POST"},"timestamp":"2024-09-30 03:12:58 PM"}
{"level":"info","message":{"data":{"user":[]},"operation":"database query"},"timestamp":"2024-09-30 03:13:38 PM"}
{"level":"info","message":{"data":{"user":{"country_code":null,"created_at":"2024-09-30T09:43:38.429Z","created_by":null,"deleted_at":null,"dob":null,"email":"juhi03@gmail.com","first_name":"juhi","last_name":"bhojani","password":"password","phone_number":"987654212","updated_at":"2024-09-30T09:43:38.429Z","updated_by":null,"uuid":"2bed7d9d-7641-4a78-baa1-8fa83dd461ef"}},"operation":"database insertion"},"timestamp":"2024-09-30 03:13:38 PM"}
{"level":"info","message":{"data":{"role":{"created_at":"2024-09-30T06:16:11.529Z","created_by":null,"deleted_at":null,"description":"application's customer","name":"Customer","updated_at":"2024-09-30T06:16:11.529Z","updated_by":null,"uuid":"124e0794-e13a-4496-b808-2dc7613a4687"}},"operation":"database query"},"timestamp":"2024-09-30 03:13:38 PM"}
{"level":"error","message":{"error":"newuser.addRole is not a function","incoming_request":"/register","method":"POST"},"timestamp":"2024-09-30 03:13:38 PM"}
{"level":"info","message":{"data":{"user":[]},"operation":"database query"},"timestamp":"2024-09-30 03:27:09 PM"}
{"level":"info","message":{"data":{"user":{"country_code":null,"created_at":"2024-09-30T09:57:09.805Z","created_by":null,"deleted_at":null,"dob":null,"email":"juhi03@gmail.com","first_name":"juhi","last_name":"bhojani","password":"password","phone_number":"987654212","updated_at":"2024-09-30T09:57:09.805Z","updated_by":null,"uuid":"dc3d28b5-82df-446b-9f2c-51caf60617d9"}},"operation":"database insertion"},"timestamp":"2024-09-30 03:27:09 PM"}
{"level":"info","message":{"data":{"role":{"created_at":"2024-09-30T06:16:11.529Z","created_by":null,"deleted_at":null,"description":"application's customer","name":"Customer","updated_at":"2024-09-30T06:16:11.529Z","updated_by":null,"uuid":"124e0794-e13a-4496-b808-2dc7613a4687"}},"operation":"database query"},"timestamp":"2024-09-30 03:27:09 PM"}
{"level":"error","message":{"error":"Unable to fetch role ID","incoming_request":"/register","method":"POST"},"timestamp":"2024-09-30 03:27:09 PM"}
{"level":"info","message":{"data":{"user":[]},"operation":"database query"},"timestamp":"2024-09-30 03:34:53 PM"}
{"level":"info","message":{"data":{"user":{"country_code":null,"created_at":"2024-09-30T10:04:53.631Z","created_by":null,"deleted_at":null,"dob":null,"email":"juhi03@gmail.com","first_name":"juhi","last_name":"bhojani","password":"password","phone_number":"987654212","updated_at":"2024-09-30T10:04:53.631Z","updated_by":null,"uuid":"31d9cd10-31f9-4135-a48f-8805e1e80e5a"}},"operation":"database insertion"},"timestamp":"2024-09-30 03:34:53 PM"}
{"level":"info","message":{"data":{"role":{"created_at":"2024-09-30T06:16:11.529Z","created_by":null,"deleted_at":null,"description":"application's customer","name":"Customer","updated_at":"2024-09-30T06:16:11.529Z","updated_by":null,"uuid":"124e0794-e13a-4496-b808-2dc7613a4687"}},"operation":"database query"},"timestamp":"2024-09-30 03:34:53 PM"}
{"level":"info","message":{"data":{"user_role":{"created_at":"2024-09-30T10:04:53.660Z","created_by":null,"deleted_at":null,"role_uuid":"124e0794-e13a-4496-b808-2dc7613a4687","updated_at":"2024-09-30T10:04:53.660Z","updated_by":null,"user_uuid":"31d9cd10-31f9-4135-a48f-8805e1e80e5a","uuid":"695e86e4-30ff-40ff-a099-1f5560cfcc6c"}},"operation":"database insertion"},"timestamp":"2024-09-30 03:34:53 PM"}
{"level":"info","message":{"data":{"user":[]},"operation":"database query"},"timestamp":"2024-09-30 03:50:51 PM"}
{"level":"error","message":{"error":"bcrypt is not defined","incoming_request":"/register","method":"POST"},"timestamp":"2024-09-30 03:50:51 PM"}
{"level":"info","message":{"data":{"user":[]},"operation":"database query"},"timestamp":"2024-09-30 03:51:54 PM"}
{"level":"info","message":{"data":{"user":{"country_code":null,"created_at":"2024-09-30T10:21:54.112Z","created_by":null,"deleted_at":null,"dob":null,"email":"jui03@gmail.com","first_name":"juhi","last_name":"bhojani","password":"$2a$08$pMnNzOWGZbtYv4SRHn.gZ.q70p2gARGWzinKLeuUy9TBad6daJyeG","phone_number":"9876854212","updated_at":"2024-09-30T10:21:54.112Z","updated_by":null,"uuid":"352cb8b1-eff9-4359-b0be-de8683dddfa1"}},"operation":"database insertion"},"timestamp":"2024-09-30 03:51:54 PM"}
{"level":"info","message":{"data":{"role":{"created_at":"2024-09-30T06:16:11.529Z","created_by":null,"deleted_at":null,"description":"application's customer","name":"Customer","updated_at":"2024-09-30T06:16:11.529Z","updated_by":null,"uuid":"124e0794-e13a-4496-b808-2dc7613a4687"}},"operation":"database query"},"timestamp":"2024-09-30 03:51:54 PM"}
{"level":"info","message":{"data":{"user_role":{"created_at":"2024-09-30T10:21:54.184Z","created_by":null,"deleted_at":null,"role_uuid":"124e0794-e13a-4496-b808-2dc7613a4687","updated_at":"2024-09-30T10:21:54.184Z","updated_by":null,"user_uuid":"352cb8b1-eff9-4359-b0be-de8683dddfa1","uuid":"c1688160-29ab-4bc9-9c78-599651ede8be"}},"operation":"database insertion"},"timestamp":"2024-09-30 03:51:54 PM"}
{"level":"info","message":{"data":{"user":{"country_code":null,"created_at":"2024-09-30T10:21:54.112Z","created_by":null,"deleted_at":null,"dob":null,"email":"jui03@gmail.com","first_name":"juhi","last_name":"bhojani","password":"$2a$08$pMnNzOWGZbtYv4SRHn.gZ.q70p2gARGWzinKLeuUy9TBad6daJyeG","phone_number":"9876854212","updated_at":"2024-09-30T10:21:54.112Z","updated_by":null,"uuid":"352cb8b1-eff9-4359-b0be-de8683dddfa1"}},"operation":"database query"},"timestamp":"2024-09-30 04:44:02 PM"}
{"level":"error","message":{"error":"bcrpyt is not defined","incoming_request":"/login","method":"POST"},"timestamp":"2024-09-30 04:44:02 PM"}
{"level":"info","message":{"data":{"user":{"country_code":null,"created_at":"2024-09-30T10:21:54.112Z","created_by":null,"deleted_at":null,"dob":null,"email":"jui03@gmail.com","first_name":"juhi","last_name":"bhojani","password":"$2a$08$pMnNzOWGZbtYv4SRHn.gZ.q70p2gARGWzinKLeuUy9TBad6daJyeG","phone_number":"9876854212","updated_at":"2024-09-30T10:21:54.112Z","updated_by":null,"uuid":"352cb8b1-eff9-4359-b0be-de8683dddfa1"}},"operation":"database query"},"timestamp":"2024-09-30 04:44:25 PM"}
{"level":"error","message":{"error":"Unable to authenticate!","incoming_request":"/login","method":"POST"},"timestamp":"2024-09-30 04:44:25 PM"}
{"level":"info","message":{"data":{"user":{"country_code":null,"created_at":"2024-09-30T10:21:54.112Z","created_by":null,"deleted_at":null,"dob":null,"email":"jui03@gmail.com","first_name":"juhi","last_name":"bhojani","password":"$2a$08$pMnNzOWGZbtYv4SRHn.gZ.q70p2gARGWzinKLeuUy9TBad6daJyeG","phone_number":"9876854212","updated_at":"2024-09-30T10:21:54.112Z","updated_by":null,"uuid":"352cb8b1-eff9-4359-b0be-de8683dddfa1"}},"operation":"database query"},"timestamp":"2024-09-30 04:45:08 PM"}
{"level":"error","message":{"error":"Unable to authenticate!","incoming_request":"/login","method":"POST"},"timestamp":"2024-09-30 04:45:08 PM"}
{"level":"info","message":{"data":{"user":{"country_code":null,"created_at":"2024-09-30T10:21:54.112Z","created_by":null,"deleted_at":null,"dob":null,"email":"jui03@gmail.com","first_name":"juhi","last_name":"bhojani","password":"$2a$08$pMnNzOWGZbtYv4SRHn.gZ.q70p2gARGWzinKLeuUy9TBad6daJyeG","phone_number":"9876854212","updated_at":"2024-09-30T10:21:54.112Z","updated_by":null,"uuid":"352cb8b1-eff9-4359-b0be-de8683dddfa1"}},"operation":"database query"},"timestamp":"2024-09-30 04:45:48 PM"}
{"level":"error","message":{"error":"Unable to authenticate!","incoming_request":"/login","method":"POST"},"timestamp":"2024-09-30 04:45:48 PM"}
{"level":"info","message":{"data":{"user":{"country_code":null,"created_at":"2024-09-30T10:21:54.112Z","created_by":null,"deleted_at":null,"dob":null,"email":"jui03@gmail.com","first_name":"juhi","last_name":"bhojani","password":"$2a$08$pMnNzOWGZbtYv4SRHn.gZ.q70p2gARGWzinKLeuUy9TBad6daJyeG","phone_number":"9876854212","updated_at":"2024-09-30T10:21:54.112Z","updated_by":null,"uuid":"352cb8b1-eff9-4359-b0be-de8683dddfa1"}},"operation":"database query"},"timestamp":"2024-09-30 04:46:23 PM"}
{"level":"error","message":{"error":"Unable to authenticate!","incoming_request":"/login","method":"POST"},"timestamp":"2024-09-30 04:46:23 PM"}
{"level":"info","message":{"data":{"user":{"country_code":null,"created_at":"2024-09-30T10:21:54.112Z","created_by":null,"deleted_at":null,"dob":null,"email":"jui03@gmail.com","first_name":"juhi","last_name":"bhojani","password":"$2a$08$pMnNzOWGZbtYv4SRHn.gZ.q70p2gARGWzinKLeuUy9TBad6daJyeG","phone_number":"9876854212","updated_at":"2024-09-30T10:21:54.112Z","updated_by":null,"uuid":"352cb8b1-eff9-4359-b0be-de8683dddfa1"}},"operation":"database query"},"timestamp":"2024-09-30 04:48:56 PM"}
{"level":"error","message":{"error":"Unable to authenticate!","incoming_request":"/login","method":"POST"},"timestamp":"2024-09-30 04:48:56 PM"}
{"level":"info","message":{"data":{"user":{"country_code":null,"created_at":"2024-09-30T10:21:54.112Z","created_by":null,"deleted_at":null,"dob":null,"email":"jui03@gmail.com","first_name":"juhi","last_name":"bhojani","password":"$2a$08$pMnNzOWGZbtYv4SRHn.gZ.q70p2gARGWzinKLeuUy9TBad6daJyeG","phone_number":"9876854212","updated_at":"2024-09-30T10:21:54.112Z","updated_by":null,"uuid":"352cb8b1-eff9-4359-b0be-de8683dddfa1"}},"operation":"database query"},"timestamp":"2024-09-30 04:51:28 PM"}
{"level":"error","message":{"error":"Unable to authenticate!","incoming_request":"/login","method":"POST"},"timestamp":"2024-09-30 04:51:28 PM"}
{"level":"info","message":{"data":{"user":{"country_code":null,"created_at":"2024-09-30T10:21:54.112Z","created_by":null,"deleted_at":null,"dob":null,"email":"jui03@gmail.com","first_name":"juhi","last_name":"bhojani","password":"$2a$08$pMnNzOWGZbtYv4SRHn.gZ.q70p2gARGWzinKLeuUy9TBad6daJyeG","phone_number":"9876854212","updated_at":"2024-09-30T10:21:54.112Z","updated_by":null,"uuid":"352cb8b1-eff9-4359-b0be-de8683dddfa1"}},"operation":"database query"},"timestamp":"2024-09-30 04:52:02 PM"}
{"level":"error","message":{"error":"Unable to authenticate!","incoming_request":"/login","method":"POST"},"timestamp":"2024-09-30 04:52:02 PM"}
{"level":"info","message":{"data":{"user":{"country_code":null,"created_at":"2024-09-30T10:21:54.112Z","created_by":null,"deleted_at":null,"dob":null,"email":"jui03@gmail.com","first_name":"juhi","last_name":"bhojani","password":"$2a$08$pMnNzOWGZbtYv4SRHn.gZ.q70p2gARGWzinKLeuUy9TBad6daJyeG","phone_number":"9876854212","updated_at":"2024-09-30T10:21:54.112Z","updated_by":null,"uuid":"352cb8b1-eff9-4359-b0be-de8683dddfa1"}},"operation":"database query"},"timestamp":"2024-09-30 04:52:49 PM"}
{"level":"error","message":{"error":"Unable to authenticate!","incoming_request":"/login","method":"POST"},"timestamp":"2024-09-30 04:52:49 PM"}
{"level":"info","message":{"data":{"user":{"country_code":null,"created_at":"2024-09-30T10:21:54.112Z","created_by":null,"deleted_at":null,"dob":null,"email":"jui03@gmail.com","first_name":"juhi","last_name":"bhojani","password":"$2a$08$pMnNzOWGZbtYv4SRHn.gZ.q70p2gARGWzinKLeuUy9TBad6daJyeG","phone_number":"9876854212","updated_at":"2024-09-30T10:21:54.112Z","updated_by":null,"uuid":"352cb8b1-eff9-4359-b0be-de8683dddfa1"}},"operation":"database query"},"timestamp":"2024-09-30 04:53:08 PM"}
{"level":"error","message":{"error":"Unable to authenticate!","incoming_request":"/login","method":"POST"},"timestamp":"2024-09-30 04:53:08 PM"}
{"level":"info","message":{"data":{"user":{"country_code":null,"created_at":"2024-09-30T10:21:54.112Z","created_by":null,"deleted_at":null,"dob":null,"email":"jui03@gmail.com","first_name":"juhi","last_name":"bhojani","password":"$2a$08$pMnNzOWGZbtYv4SRHn.gZ.q70p2gARGWzinKLeuUy9TBad6daJyeG","phone_number":"9876854212","updated_at":"2024-09-30T10:21:54.112Z","updated_by":null,"uuid":"352cb8b1-eff9-4359-b0be-de8683dddfa1"}},"operation":"database query"},"timestamp":"2024-09-30 04:53:30 PM"}
{"level":"error","message":{"error":"Unable to authenticate!","incoming_request":"/login","method":"POST"},"timestamp":"2024-09-30 04:53:30 PM"}
{"level":"info","message":{"data":{"user":{"country_code":null,"created_at":"2024-09-30T10:21:54.112Z","created_by":null,"deleted_at":null,"dob":null,"email":"jui03@gmail.com","first_name":"juhi","last_name":"bhojani","password":"$2a$08$pMnNzOWGZbtYv4SRHn.gZ.q70p2gARGWzinKLeuUy9TBad6daJyeG","phone_number":"9876854212","updated_at":"2024-09-30T10:21:54.112Z","updated_by":null,"uuid":"352cb8b1-eff9-4359-b0be-de8683dddfa1"}},"operation":"database query"},"timestamp":"2024-09-30 04:55:14 PM"}
{"level":"error","message":{"error":"Unable to authenticate!","incoming_request":"/login","method":"POST"},"timestamp":"2024-09-30 04:55:14 PM"}
{"level":"info","message":{"data":{"user":{"country_code":null,"created_at":"2024-09-30T10:21:54.112Z","created_by":null,"deleted_at":null,"dob":null,"email":"jui03@gmail.com","first_name":"juhi","last_name":"bhojani","password":"$2a$08$pMnNzOWGZbtYv4SRHn.gZ.q70p2gARGWzinKLeuUy9TBad6daJyeG","phone_number":"9876854212","updated_at":"2024-09-30T10:21:54.112Z","updated_by":null,"uuid":"352cb8b1-eff9-4359-b0be-de8683dddfa1"}},"operation":"database query"},"timestamp":"2024-09-30 04:57:12 PM"}
{"level":"error","message":{"error":"Unable to authenticate!","incoming_request":"/login","method":"POST"},"timestamp":"2024-09-30 04:57:12 PM"}
{"level":"info","message":{"data":{"user":{"country_code":null,"created_at":"2024-09-30T10:21:54.112Z","created_by":null,"deleted_at":null,"dob":null,"email":"jui03@gmail.com","first_name":"juhi","last_name":"bhojani","password":"$2a$08$pMnNzOWGZbtYv4SRHn.gZ.q70p2gARGWzinKLeuUy9TBad6daJyeG","phone_number":"9876854212","updated_at":"2024-09-30T10:21:54.112Z","updated_by":null,"uuid":"352cb8b1-eff9-4359-b0be-de8683dddfa1"}},"operation":"database query"},"timestamp":"2024-09-30 05:02:41 PM"}
{"level":"info","message":{"data":{"user":{"country_code":null,"created_at":"2024-09-30T10:21:54.112Z","created_by":null,"deleted_at":null,"dob":null,"email":"jui03@gmail.com","first_name":"juhi","last_name":"bhojani","password":"$2a$08$pMnNzOWGZbtYv4SRHn.gZ.q70p2gARGWzinKLeuUy9TBad6daJyeG","phone_number":"9876854212","updated_at":"2024-09-30T10:21:54.112Z","updated_by":null,"uuid":"352cb8b1-eff9-4359-b0be-de8683dddfa1"}},"operation":"database query"},"timestamp":"2024-09-30 05:03:41 PM"}
{"level":"info","message":{"data":{"user":{"country_code":null,"created_at":"2024-09-30T10:21:54.112Z","created_by":null,"deleted_at":null,"dob":null,"email":"jui03@gmail.com","first_name":"juhi","last_name":"bhojani","password":"$2a$08$pMnNzOWGZbtYv4SRHn.gZ.q70p2gARGWzinKLeuUy9TBad6daJyeG","phone_number":"9876854212","updated_at":"2024-09-30T10:21:54.112Z","updated_by":null,"uuid":"352cb8b1-eff9-4359-b0be-de8683dddfa1"}},"operation":"database query"},"timestamp":"2024-09-30 05:05:06 PM"}
{"level":"info","message":{"data":{"user":{"country_code":null,"created_at":"2024-09-30T10:21:54.112Z","created_by":null,"deleted_at":null,"dob":null,"email":"jui03@gmail.com","first_name":"juhi","last_name":"bhojani","password":"$2a$08$pMnNzOWGZbtYv4SRHn.gZ.q70p2gARGWzinKLeuUy9TBad6daJyeG","phone_number":"9876854212","updated_at":"2024-09-30T10:21:54.112Z","updated_by":null,"uuid":"352cb8b1-eff9-4359-b0be-de8683dddfa1"}},"operation":"database query"},"timestamp":"2024-09-30 05:07:44 PM"}
{"level":"info","message":{"data":{"user":[]},"operation":"database query"},"timestamp":"2024-09-30 06:22:33 PM"}
{"level":"info","message":{"data":{"user":{"country_code":null,"created_at":"2024-09-30T12:52:33.827Z","created_by":null,"deleted_at":null,"dob":null,"email":"ji03@gmail.com","first_name":"juhi","last_name":"bhojani","password":"$2a$08$2YaMbbwYGGeai78tvgDWpOJVI9FG/M1vklOCX71dF05rkEhZNNNgS","phone_number":"98754212","updated_at":"2024-09-30T12:52:33.827Z","updated_by":null,"uuid":"236d4b7d-5136-41c2-a831-caf11d75ccbb"}},"operation":"database insertion"},"timestamp":"2024-09-30 06:22:33 PM"}
{"level":"info","message":{"data":{"role":{"created_at":"2024-09-30T06:16:11.529Z","created_by":null,"deleted_at":null,"description":"application's customer","name":"Customer","updated_at":"2024-09-30T06:16:11.529Z","updated_by":null,"uuid":"124e0794-e13a-4496-b808-2dc7613a4687"}},"operation":"database query"},"timestamp":"2024-09-30 06:22:33 PM"}
{"level":"info","message":{"data":{"user_role":{"created_at":"2024-09-30T12:52:33.895Z","created_by":null,"deleted_at":null,"role_uuid":"124e0794-e13a-4496-b808-2dc7613a4687","updated_at":"2024-09-30T12:52:33.895Z","updated_by":null,"user_uuid":"236d4b7d-5136-41c2-a831-caf11d75ccbb","uuid":"833c16a0-e0b2-4e78-820f-7f2446230da5"}},"operation":"database insertion"},"timestamp":"2024-09-30 06:22:33 PM"}
{"level":"info","message":{"data":{"user":[]},"operation":"database query"},"timestamp":"2024-09-30 06:23:23 PM"}
{"level":"info","message":{"data":{"user":{"country_code":null,"created_at":"2024-09-30T12:53:23.248Z","created_by":null,"deleted_at":null,"dob":null,"email":"ji3@gmail.com","first_name":"juhi","last_name":"bhojani","password":"$2a$08$KOxil70xiISr7KiCZQx7tO7RRMzNESohmW.sfdyy13/8Kar6sTzwa","phone_number":"9875421122","updated_at":"2024-09-30T12:53:23.248Z","updated_by":null,"uuid":"94062e39-7263-4d5f-aa26-d4ac1996dc0f"}},"operation":"database insertion"},"timestamp":"2024-09-30 06:23:23 PM"}
{"level":"info","message":{"data":{"role":{"created_at":"2024-09-30T06:16:11.529Z","created_by":null,"deleted_at":null,"description":"application's customer","name":"Customer","updated_at":"2024-09-30T06:16:11.529Z","updated_by":null,"uuid":"124e0794-e13a-4496-b808-2dc7613a4687"}},"operation":"database query"},"timestamp":"2024-09-30 06:23:23 PM"}
{"level":"info","message":{"data":{"user_role":{"created_at":"2024-09-30T12:53:23.312Z","created_by":null,"deleted_at":null,"role_uuid":"124e0794-e13a-4496-b808-2dc7613a4687","updated_at":"2024-09-30T12:53:23.312Z","updated_by":null,"user_uuid":"94062e39-7263-4d5f-aa26-d4ac1996dc0f","uuid":"03d07755-f406-493f-bc43-904f0915d073"}},"operation":"database insertion"},"timestamp":"2024-09-30 06:23:23 PM"}
{"level":"info","message":{"data":{"user":[]},"operation":"database query"},"timestamp":"2024-09-30 06:25:08 PM"}
{"level":"error","message":{"error":"Password must contain at least one lowercase letter.","incoming_request":"/register","method":"POST"},"timestamp":"2024-09-30 06:25:08 PM"}
{"level":"info","message":{"data":{"user":[]},"operation":"database query"},"timestamp":"2024-09-30 06:25:14 PM"}
{"level":"error","message":{"error":"Password must contain at least one uppercase letter.","incoming_request":"/register","method":"POST"},"timestamp":"2024-09-30 06:25:14 PM"}
{"level":"info","message":{"data":{"user":[]},"operation":"database query"},"timestamp":"2024-09-30 06:25:20 PM"}
{"level":"info","message":{"data":{"user":{"country_code":null,"created_at":"2024-09-30T12:55:20.566Z","created_by":null,"deleted_at":null,"dob":null,"email":"jiiii3@gmail.com","first_name":"juhi","last_name":"bhojani","password":"$2a$08$c61.hMnpPTiXQzEQZcghjerTA0QUKhmhAO8gmOoR8ZoBrQVhUWMHW","phone_number":"975421122","updated_at":"2024-09-30T12:55:20.566Z","updated_by":null,"uuid":"dd44be9a-9d75-4b20-89a3-c36d58a661b1"}},"operation":"database insertion"},"timestamp":"2024-09-30 06:25:20 PM"}
{"level":"info","message":{"data":{"role":{"created_at":"2024-09-30T06:16:11.529Z","created_by":null,"deleted_at":null,"description":"application's customer","name":"Customer","updated_at":"2024-09-30T06:16:11.529Z","updated_by":null,"uuid":"124e0794-e13a-4496-b808-2dc7613a4687"}},"operation":"database query"},"timestamp":"2024-09-30 06:25:20 PM"}
{"level":"info","message":{"data":{"user_role":{"created_at":"2024-09-30T12:55:20.634Z","created_by":null,"deleted_at":null,"role_uuid":"124e0794-e13a-4496-b808-2dc7613a4687","updated_at":"2024-09-30T12:55:20.634Z","updated_by":null,"user_uuid":"dd44be9a-9d75-4b20-89a3-c36d58a661b1","uuid":"7c75cd69-bc2e-40bd-9029-c7eaa1d34d02"}},"operation":"database insertion"},"timestamp":"2024-09-30 06:25:20 PM"}
{"level":"info","message":{"data":{"user":{"country_code":null,"created_at":"2024-09-30T10:21:54.112Z","created_by":null,"deleted_at":null,"dob":null,"email":"jui03@gmail.com","first_name":"juhi","last_name":"bhojani","password":"$2a$08$pMnNzOWGZbtYv4SRHn.gZ.q70p2gARGWzinKLeuUy9TBad6daJyeG","phone_number":"9876854212","updated_at":"2024-09-30T10:21:54.112Z","updated_by":null,"uuid":"352cb8b1-eff9-4359-b0be-de8683dddfa1"}},"operation":"database query"},"timestamp":"2024-09-30 06:31:30 PM"}
{"level":"info","message":{"data":{"role":{"created_at":"2024-09-30T06:18:24.897Z","created_by":null,"deleted_at":null,"description":"owner of the application","name":"Admin","updated_at":"2024-09-30T06:18:24.897Z","updated_by":null,"uuid":"cb17cd3d-3c94-4e94-a585-23d1c21d5776"}},"operation":"database query"},"timestamp":"2024-09-30 06:31:30 PM"}
{"level":"error","message":{"error":"User doesn't exist, Please login!","incoming_request":"/login","method":"POST"},"timestamp":"2024-09-30 06:31:30 PM"}
{"level":"info","message":{"data":{"user":{"country_code":null,"created_at":"2024-09-30T10:21:54.112Z","created_by":null,"deleted_at":null,"dob":null,"email":"jui03@gmail.com","first_name":"juhi","last_name":"bhojani","password":"$2a$08$pMnNzOWGZbtYv4SRHn.gZ.q70p2gARGWzinKLeuUy9TBad6daJyeG","phone_number":"9876854212","updated_at":"2024-09-30T10:21:54.112Z","updated_by":null,"uuid":"352cb8b1-eff9-4359-b0be-de8683dddfa1"}},"operation":"database query"},"timestamp":"2024-09-30 06:32:56 PM"}
{"level":"info","message":{"data":{"role":{"created_at":"2024-09-30T06:18:24.897Z","created_by":null,"deleted_at":null,"description":"owner of the application","name":"Admin","updated_at":"2024-09-30T06:18:24.897Z","updated_by":null,"uuid":"cb17cd3d-3c94-4e94-a585-23d1c21d5776"}},"operation":"database query"},"timestamp":"2024-09-30 06:32:56 PM"}
{"level":"error","message":{"error":"User doesn't exist, Please login!","incoming_request":"/login","method":"POST"},"timestamp":"2024-09-30 06:32:56 PM"}
{"level":"info","message":{"data":{"user":{"country_code":null,"created_at":"2024-09-30T10:21:54.112Z","created_by":null,"deleted_at":null,"dob":null,"email":"jui03@gmail.com","first_name":"juhi","last_name":"bhojani","password":"$2a$08$pMnNzOWGZbtYv4SRHn.gZ.q70p2gARGWzinKLeuUy9TBad6daJyeG","phone_number":"9876854212","updated_at":"2024-09-30T10:21:54.112Z","updated_by":null,"uuid":"352cb8b1-eff9-4359-b0be-de8683dddfa1"}},"operation":"database query"},"timestamp":"2024-09-30 06:34:01 PM"}
{"level":"info","message":{"data":{"role":{"created_at":"2024-09-30T06:18:24.897Z","created_by":null,"deleted_at":null,"description":"owner of the application","name":"Admin","updated_at":"2024-09-30T06:18:24.897Z","updated_by":null,"uuid":"cb17cd3d-3c94-4e94-a585-23d1c21d5776"}},"operation":"database query"},"timestamp":"2024-09-30 06:34:02 PM"}
{"level":"info","message":{"data":{"user":{"country_code":null,"created_at":"2024-09-30T10:21:54.112Z","created_by":null,"deleted_at":null,"dob":null,"email":"jui03@gmail.com","first_name":"juhi","last_name":"bhojani","password":"$2a$08$pMnNzOWGZbtYv4SRHn.gZ.q70p2gARGWzinKLeuUy9TBad6daJyeG","phone_number":"9876854212","updated_at":"2024-09-30T10:21:54.112Z","updated_by":null,"uuid":"352cb8b1-eff9-4359-b0be-de8683dddfa1"}},"operation":"database query"},"timestamp":"2024-09-30 06:34:09 PM"}
{"level":"info","message":{"data":{"role":{"created_at":"2024-09-30T06:18:24.897Z","created_by":null,"deleted_at":null,"description":"owner of the application","name":"Admin","updated_at":"2024-09-30T06:18:24.897Z","updated_by":null,"uuid":"cb17cd3d-3c94-4e94-a585-23d1c21d5776"}},"operation":"database query"},"timestamp":"2024-09-30 06:34:09 PM"}
{"level":"error","message":{"error":"User doesn't exist, Please login!","incoming_request":"/login","method":"POST"},"timestamp":"2024-09-30 06:34:09 PM"}
{"level":"info","message":{"data":{"user":{"country_code":null,"created_at":"2024-09-30T10:21:54.112Z","created_by":null,"deleted_at":null,"dob":null,"email":"jui03@gmail.com","first_name":"juhi","last_name":"bhojani","password":"$2a$08$pMnNzOWGZbtYv4SRHn.gZ.q70p2gARGWzinKLeuUy9TBad6daJyeG","phone_number":"9876854212","updated_at":"2024-09-30T10:21:54.112Z","updated_by":null,"uuid":"352cb8b1-eff9-4359-b0be-de8683dddfa1"}},"operation":"database query"},"timestamp":"2024-09-30 06:34:32 PM"}
{"level":"info","message":{"data":{"role":{"created_at":"2024-09-30T06:18:24.897Z","created_by":null,"deleted_at":null,"description":"owner of the application","name":"Admin","updated_at":"2024-09-30T06:18:24.897Z","updated_by":null,"uuid":"cb17cd3d-3c94-4e94-a585-23d1c21d5776"}},"operation":"database query"},"timestamp":"2024-09-30 06:34:32 PM"}
{"level":"error","message":{"error":"User doesn't exist, Please login!","incoming_request":"/login","method":"POST"},"timestamp":"2024-09-30 06:34:32 PM"}
{"level":"info","message":{"data":{"user":{"country_code":null,"created_at":"2024-09-30T10:21:54.112Z","created_by":null,"deleted_at":null,"dob":null,"email":"jui03@gmail.com","first_name":"juhi","last_name":"bhojani","password":"$2a$08$pMnNzOWGZbtYv4SRHn.gZ.q70p2gARGWzinKLeuUy9TBad6daJyeG","phone_number":"9876854212","updated_at":"2024-09-30T10:21:54.112Z","updated_by":null,"uuid":"352cb8b1-eff9-4359-b0be-de8683dddfa1"}},"operation":"database query"},"timestamp":"2024-09-30 06:34:41 PM"}
{"level":"info","message":{"data":{"role":{"created_at":"2024-09-30T06:18:24.897Z","created_by":null,"deleted_at":null,"description":"owner of the application","name":"Admin","updated_at":"2024-09-30T06:18:24.897Z","updated_by":null,"uuid":"cb17cd3d-3c94-4e94-a585-23d1c21d5776"}},"operation":"database query"},"timestamp":"2024-09-30 06:34:41 PM"}
{"level":"error","message":{"error":"User doesn't exist, Please login!","incoming_request":"/login","method":"POST"},"timestamp":"2024-09-30 06:34:41 PM"}
{"level":"info","message":{"data":{"user":{"country_code":null,"created_at":"2024-09-30T10:21:54.112Z","created_by":null,"deleted_at":null,"dob":null,"email":"jui03@gmail.com","first_name":"juhi","last_name":"bhojani","password":"$2a$08$pMnNzOWGZbtYv4SRHn.gZ.q70p2gARGWzinKLeuUy9TBad6daJyeG","phone_number":"9876854212","updated_at":"2024-09-30T10:21:54.112Z","updated_by":null,"uuid":"352cb8b1-eff9-4359-b0be-de8683dddfa1"}},"operation":"database query"},"timestamp":"2024-09-30 06:34:50 PM"}
{"level":"info","message":{"data":{"role":{"created_at":"2024-09-30T06:18:24.897Z","created_by":null,"deleted_at":null,"description":"owner of the application","name":"Admin","updated_at":"2024-09-30T06:18:24.897Z","updated_by":null,"uuid":"cb17cd3d-3c94-4e94-a585-23d1c21d5776"}},"operation":"database query"},"timestamp":"2024-09-30 06:34:51 PM"}
{"level":"error","message":{"error":"User doesn't exist, Please login!","incoming_request":"/login","method":"POST"},"timestamp":"2024-09-30 06:34:51 PM"}
{"level":"info","message":{"data":{"user":{"country_code":null,"created_at":"2024-09-30T10:21:54.112Z","created_by":null,"deleted_at":null,"dob":null,"email":"jui03@gmail.com","first_name":"juhi","last_name":"bhojani","password":"$2a$08$pMnNzOWGZbtYv4SRHn.gZ.q70p2gARGWzinKLeuUy9TBad6daJyeG","phone_number":"9876854212","updated_at":"2024-09-30T10:21:54.112Z","updated_by":null,"uuid":"352cb8b1-eff9-4359-b0be-de8683dddfa1"}},"operation":"database query"},"timestamp":"2024-09-30 06:36:40 PM"}
{"level":"info","message":{"data":{"role":{"created_at":"2024-09-30T06:18:24.897Z","created_by":null,"deleted_at":null,"description":"owner of the application","name":"Admin","updated_at":"2024-09-30T06:18:24.897Z","updated_by":null,"uuid":"cb17cd3d-3c94-4e94-a585-23d1c21d5776"}},"operation":"database query"},"timestamp":"2024-09-30 06:36:40 PM"}
{"level":"error","message":{"error":"User doesn't exist, Please login!","incoming_request":"/login","method":"POST"},"timestamp":"2024-09-30 06:36:40 PM"}
{"level":"info","message":{"data":{"user":{"country_code":null,"created_at":"2024-09-30T10:21:54.112Z","created_by":null,"deleted_at":null,"dob":null,"email":"jui03@gmail.com","first_name":"juhi","last_name":"bhojani","password":"$2a$08$pMnNzOWGZbtYv4SRHn.gZ.q70p2gARGWzinKLeuUy9TBad6daJyeG","phone_number":"9876854212","updated_at":"2024-09-30T10:21:54.112Z","updated_by":null,"uuid":"352cb8b1-eff9-4359-b0be-de8683dddfa1"}},"operation":"database query"},"timestamp":"2024-09-30 06:37:20 PM"}
{"level":"info","message":{"data":{"role":{"created_at":"2024-09-30T06:18:24.897Z","created_by":null,"deleted_at":null,"description":"owner of the application","name":"Admin","updated_at":"2024-09-30T06:18:24.897Z","updated_by":null,"uuid":"cb17cd3d-3c94-4e94-a585-23d1c21d5776"}},"operation":"database query"},"timestamp":"2024-09-30 06:37:20 PM"}
{"level":"error","message":{"error":"User doesn't exist, Please login!","incoming_request":"/login","method":"POST"},"timestamp":"2024-09-30 06:37:20 PM"}
